2020-07-29 00:22:32.985  WARN 4396 --- [HikariPool-1 housekeeper] com.zaxxer.hikari.pool.HikariPool        : HikariPool-1 - Thread starvation or clock leap detected (housekeeper delta=25m10s274ms612µs200ns).
2020-07-29 03:19:11.133  WARN 4396 --- [HikariPool-1 housekeeper] com.zaxxer.hikari.pool.HikariPool        : HikariPool-1 - Thread starvation or clock leap detected (housekeeper delta=39m7s663ms346µs400ns).
2020-07-29 12:50:35.550  INFO 9976 --- [main] c.e.api.pregnancy.PregnancyApplication   : Starting PregnancyApplication on VAHID-ZAHEDI with PID 9976 (C:\Projects\SpringProjects\pregnancy\build\classes\java\main started by VAHID-ZAHEDI in C:\Projects\SpringProjects\pregnancy)
2020-07-29 12:50:35.557  INFO 9976 --- [main] c.e.api.pregnancy.PregnancyApplication   : No active profile set, falling back to default profiles: default
2020-07-29 12:50:36.381  INFO 9976 --- [main] .s.d.r.c.RepositoryConfigurationDelegate : Multiple Spring Data modules found, entering strict repository configuration mode!
2020-07-29 12:50:36.381  INFO 9976 --- [main] .s.d.r.c.RepositoryConfigurationDelegate : Bootstrapping Spring Data repositories in DEFAULT mode.
2020-07-29 12:50:36.441  INFO 9976 --- [main] .s.d.r.c.RepositoryConfigurationDelegate : Finished Spring Data repository scanning in 50ms. Found 1 repository interfaces.
2020-07-29 12:50:36.641  INFO 9976 --- [main] .s.d.r.c.RepositoryConfigurationDelegate : Multiple Spring Data modules found, entering strict repository configuration mode!
2020-07-29 12:50:36.641  INFO 9976 --- [main] .s.d.r.c.RepositoryConfigurationDelegate : Bootstrapping Spring Data repositories in DEFAULT mode.
2020-07-29 12:50:36.647  INFO 9976 --- [main] .RepositoryConfigurationExtensionSupport : Spring Data MongoDB - Could not safely identify store assignment for repository candidate interface com.example.api.pregnancy.repositories.UserRepository. If you want this repository to be a MongoDB repository, consider annotating your entities with one of these annotations: org.springframework.data.mongodb.core.mapping.Document (preferred), or consider extending one of the following types with your repository: org.springframework.data.mongodb.repository.MongoRepository.
2020-07-29 12:50:36.648  INFO 9976 --- [main] .s.d.r.c.RepositoryConfigurationDelegate : Finished Spring Data repository scanning in 7ms. Found 0 repository interfaces.
2020-07-29 12:50:36.916  INFO 9976 --- [main] trationDelegate$BeanPostProcessorChecker : Bean 'org.springframework.transaction.annotation.ProxyTransactionManagementConfiguration' of type [org.springframework.transaction.annotation.ProxyTransactionManagementConfiguration] is not eligible for getting processed by all BeanPostProcessors (for example: not eligible for auto-proxying)
2020-07-29 12:50:37.275  INFO 9976 --- [main] o.s.b.w.embedded.tomcat.TomcatWebServer  : Tomcat initialized with port(s): 5902 (http)
2020-07-29 12:50:37.283  INFO 9976 --- [main] o.apache.catalina.core.StandardService   : Starting service [Tomcat]
2020-07-29 12:50:37.283  INFO 9976 --- [main] org.apache.catalina.core.StandardEngine  : Starting Servlet engine: [Apache Tomcat/9.0.27]
2020-07-29 12:50:37.405  INFO 9976 --- [main] o.a.c.c.C.[Tomcat].[localhost].[/]       : Initializing Spring embedded WebApplicationContext
2020-07-29 12:50:37.405  INFO 9976 --- [main] o.s.web.context.ContextLoader            : Root WebApplicationContext: initialization completed in 1714 ms
2020-07-29 12:50:37.960  INFO 9976 --- [main] com.zaxxer.hikari.HikariDataSource       : HikariPool-1 - Starting...
2020-07-29 12:50:38.384  INFO 9976 --- [main] com.zaxxer.hikari.HikariDataSource       : HikariPool-1 - Start completed.
2020-07-29 12:50:39.505  INFO 9976 --- [main] j.LocalContainerEntityManagerFactoryBean : Initialized JPA EntityManagerFactory for persistence unit 'default'
2020-07-29 12:50:39.854  WARN 9976 --- [main] JpaBaseConfiguration$JpaWebConfiguration : spring.jpa.open-in-view is enabled by default. Therefore, database queries may be performed during view rendering. Explicitly configure spring.jpa.open-in-view to disable this warning
2020-07-29 12:50:39.968  INFO 9976 --- [main] o.s.s.concurrent.ThreadPoolTaskExecutor  : Initializing ExecutorService 'applicationTaskExecutor'
2020-07-29 12:50:40.257  INFO 9976 --- [main] org.mongodb.driver.cluster               : Cluster created with settings {hosts=[localhost:27017], mode=SINGLE, requiredClusterType=UNKNOWN, serverSelectionTimeout='30000 ms', maxWaitQueueSize=500}
2020-07-29 12:50:40.314  INFO 9976 --- [cluster-ClusterId{value='5f213158e0e7c06ecd9009a7', description='null'}-localhost:27017] org.mongodb.driver.connection            : Opened connection [connectionId{localValue:1, serverValue:1}] to localhost:27017
2020-07-29 12:50:40.319  INFO 9976 --- [cluster-ClusterId{value='5f213158e0e7c06ecd9009a7', description='null'}-localhost:27017] org.mongodb.driver.cluster               : Monitor thread successfully connected to server with description ServerDescription{address=localhost:27017, type=STANDALONE, state=CONNECTED, ok=true, version=ServerVersion{versionList=[4, 2, 7]}, minWireVersion=0, maxWireVersion=8, maxDocumentSize=16777216, logicalSessionTimeoutMinutes=30, roundTripTimeNanos=3168100}
2020-07-29 12:50:40.378  WARN 9976 --- [main] o.s.data.convert.CustomConversions       : Registering converter from class java.time.LocalDateTime to class java.time.Instant as reading converter although it doesn't convert from a store-supported type! You might wanna check you annotation setup at the converter implementation.
2020-07-29 12:50:40.378  WARN 9976 --- [main] o.s.data.convert.CustomConversions       : Registering converter from class java.time.Instant to class java.time.LocalDateTime as reading converter although it doesn't convert from a store-supported type! You might wanna check you annotation setup at the converter implementation.
2020-07-29 12:50:40.393  WARN 9976 --- [main] o.s.data.convert.CustomConversions       : Registering converter from class java.time.LocalDateTime to class java.time.Instant as reading converter although it doesn't convert from a store-supported type! You might wanna check you annotation setup at the converter implementation.
2020-07-29 12:50:40.393  WARN 9976 --- [main] o.s.data.convert.CustomConversions       : Registering converter from class java.time.Instant to class java.time.LocalDateTime as reading converter although it doesn't convert from a store-supported type! You might wanna check you annotation setup at the converter implementation.
2020-07-29 12:50:40.539  INFO 9976 --- [main] o.s.b.w.embedded.tomcat.TomcatWebServer  : Tomcat started on port(s): 5902 (http) with context path ''
2020-07-29 12:50:40.541  INFO 9976 --- [main] c.e.api.pregnancy.PregnancyApplication   : Started PregnancyApplication in 5.494 seconds (JVM running for 6.473)
