2020-08-12 18:17:10.047  INFO 115148 --- [main] c.e.api.pregnancy.PregnancyApplication   : Starting PregnancyApplication on VAHID-ZAHEDI with PID 115148 (C:\Projects\SpringProjects\pregnancy\build\classes\java\main started by VAHID-ZAHEDI in C:\Projects\SpringProjects\pregnancy)
2020-08-12 18:17:10.084  INFO 115148 --- [main] c.e.api.pregnancy.PregnancyApplication   : No active profile set, falling back to default profiles: default
2020-08-12 18:17:11.327  INFO 115148 --- [main] .s.d.r.c.RepositoryConfigurationDelegate : Multiple Spring Data modules found, entering strict repository configuration mode!
2020-08-12 18:17:11.327  INFO 115148 --- [main] .s.d.r.c.RepositoryConfigurationDelegate : Bootstrapping Spring Data repositories in DEFAULT mode.
2020-08-12 18:17:11.343  INFO 115148 --- [main] .s.d.r.c.RepositoryConfigurationDelegate : Finished Spring Data repository scanning in 9ms. Found 0 repository interfaces.
2020-08-12 18:17:11.358  INFO 115148 --- [main] .s.d.r.c.RepositoryConfigurationDelegate : Multiple Spring Data modules found, entering strict repository configuration mode!
2020-08-12 18:17:11.358  INFO 115148 --- [main] .s.d.r.c.RepositoryConfigurationDelegate : Bootstrapping Spring Data repositories in DEFAULT mode.
2020-08-12 18:17:11.412  INFO 115148 --- [main] .RepositoryConfigurationExtensionSupport : Spring Data JPA - Could not safely identify store assignment for repository candidate interface com.example.api.pregnancy.repositories.HeaderRepository. If you want this repository to be a JPA repository, consider annotating your entities with one of these annotations: javax.persistence.Entity, javax.persistence.MappedSuperclass (preferred), or consider extending one of the following types with your repository: org.springframework.data.jpa.repository.JpaRepository.
2020-08-12 18:17:11.417  INFO 115148 --- [main] .RepositoryConfigurationExtensionSupport : Spring Data JPA - Could not safely identify store assignment for repository candidate interface com.example.api.pregnancy.repositories.RoleRepository. If you want this repository to be a JPA repository, consider annotating your entities with one of these annotations: javax.persistence.Entity, javax.persistence.MappedSuperclass (preferred), or consider extending one of the following types with your repository: org.springframework.data.jpa.repository.JpaRepository.
2020-08-12 18:17:11.425  INFO 115148 --- [main] .RepositoryConfigurationExtensionSupport : Spring Data JPA - Could not safely identify store assignment for repository candidate interface com.example.api.pregnancy.repositories.UserRepository. If you want this repository to be a JPA repository, consider annotating your entities with one of these annotations: javax.persistence.Entity, javax.persistence.MappedSuperclass (preferred), or consider extending one of the following types with your repository: org.springframework.data.jpa.repository.JpaRepository.
2020-08-12 18:17:11.426  INFO 115148 --- [main] .s.d.r.c.RepositoryConfigurationDelegate : Finished Spring Data repository scanning in 62ms. Found 0 repository interfaces.
2020-08-12 18:17:11.496  INFO 115148 --- [main] .s.d.r.c.RepositoryConfigurationDelegate : Multiple Spring Data modules found, entering strict repository configuration mode!
2020-08-12 18:17:11.496  INFO 115148 --- [main] .s.d.r.c.RepositoryConfigurationDelegate : Bootstrapping Spring Data repositories in DEFAULT mode.
2020-08-12 18:17:11.575  INFO 115148 --- [main] .s.d.r.c.RepositoryConfigurationDelegate : Finished Spring Data repository scanning in 78ms. Found 3 repository interfaces.
2020-08-12 18:17:12.262  INFO 115148 --- [main] trationDelegate$BeanPostProcessorChecker : Bean 'org.springframework.transaction.annotation.ProxyTransactionManagementConfiguration' of type [org.springframework.transaction.annotation.ProxyTransactionManagementConfiguration] is not eligible for getting processed by all BeanPostProcessors (for example: not eligible for auto-proxying)
2020-08-12 18:17:12.299  INFO 115148 --- [main] trationDelegate$BeanPostProcessorChecker : Bean 'org.springframework.security.config.annotation.configuration.ObjectPostProcessorConfiguration' of type [org.springframework.security.config.annotation.configuration.ObjectPostProcessorConfiguration] is not eligible for getting processed by all BeanPostProcessors (for example: not eligible for auto-proxying)
2020-08-12 18:17:12.303  INFO 115148 --- [main] trationDelegate$BeanPostProcessorChecker : Bean 'objectPostProcessor' of type [org.springframework.security.config.annotation.configuration.AutowireBeanFactoryObjectPostProcessor] is not eligible for getting processed by all BeanPostProcessors (for example: not eligible for auto-proxying)
2020-08-12 18:17:12.307  INFO 115148 --- [main] trationDelegate$BeanPostProcessorChecker : Bean 'org.springframework.security.access.expression.method.DefaultMethodSecurityExpressionHandler@1a1ed4e5' of type [org.springframework.security.access.expression.method.DefaultMethodSecurityExpressionHandler] is not eligible for getting processed by all BeanPostProcessors (for example: not eligible for auto-proxying)
2020-08-12 18:17:12.308  INFO 115148 --- [main] trationDelegate$BeanPostProcessorChecker : Bean 'org.springframework.security.config.annotation.method.configuration.GlobalMethodSecurityConfiguration' of type [org.springframework.security.config.annotation.method.configuration.GlobalMethodSecurityConfiguration] is not eligible for getting processed by all BeanPostProcessors (for example: not eligible for auto-proxying)
2020-08-12 18:17:12.311  INFO 115148 --- [main] trationDelegate$BeanPostProcessorChecker : Bean 'methodSecurityMetadataSource' of type [org.springframework.security.access.method.DelegatingMethodSecurityMetadataSource] is not eligible for getting processed by all BeanPostProcessors (for example: not eligible for auto-proxying)
2020-08-12 18:17:12.658  INFO 115148 --- [main] o.s.b.w.embedded.tomcat.TomcatWebServer  : Tomcat initialized with port(s): 5902 (http)
2020-08-12 18:17:12.669  INFO 115148 --- [main] o.apache.catalina.core.StandardService   : Starting service [Tomcat]
2020-08-12 18:17:12.670  INFO 115148 --- [main] org.apache.catalina.core.StandardEngine  : Starting Servlet engine: [Apache Tomcat/9.0.27]
2020-08-12 18:17:12.825  INFO 115148 --- [main] o.a.c.c.C.[Tomcat].[localhost].[/]       : Initializing Spring embedded WebApplicationContext
2020-08-12 18:17:12.825  INFO 115148 --- [main] o.s.web.context.ContextLoader            : Root WebApplicationContext: initialization completed in 2626 ms
2020-08-12 18:17:12.910  WARN 115148 --- [main] JpaBaseConfiguration$JpaWebConfiguration : spring.jpa.open-in-view is enabled by default. Therefore, database queries may be performed during view rendering. Explicitly configure spring.jpa.open-in-view to disable this warning
2020-08-12 18:17:13.748  INFO 115148 --- [main] com.zaxxer.hikari.HikariDataSource       : HikariPool-1 - Starting...
2020-08-12 18:17:14.232  INFO 115148 --- [main] com.zaxxer.hikari.HikariDataSource       : HikariPool-1 - Start completed.
2020-08-12 18:17:14.778  INFO 115148 --- [main] j.LocalContainerEntityManagerFactoryBean : Initialized JPA EntityManagerFactory for persistence unit 'default'
2020-08-12 18:17:15.231  INFO 115148 --- [main] org.mongodb.driver.cluster               : Cluster created with settings {hosts=[127.0.0.1:27017], mode=SINGLE, requiredClusterType=UNKNOWN, serverSelectionTimeout='30000 ms', maxWaitQueueSize=500}
2020-08-12 18:17:15.359  INFO 115148 --- [cluster-ClusterId{value='5f33f2e34d8d693cd09e7116', description='null'}-127.0.0.1:27017] org.mongodb.driver.connection            : Opened connection [connectionId{localValue:1, serverValue:71}] to 127.0.0.1:27017
2020-08-12 18:17:15.369  INFO 115148 --- [cluster-ClusterId{value='5f33f2e34d8d693cd09e7116', description='null'}-127.0.0.1:27017] org.mongodb.driver.cluster               : Monitor thread successfully connected to server with description ServerDescription{address=127.0.0.1:27017, type=STANDALONE, state=CONNECTED, ok=true, version=ServerVersion{versionList=[4, 2, 7]}, minWireVersion=0, maxWireVersion=8, maxDocumentSize=16777216, logicalSessionTimeoutMinutes=30, roundTripTimeNanos=6630300}
2020-08-12 18:17:15.526  WARN 115148 --- [main] o.s.data.convert.CustomConversions       : Registering converter from class java.time.LocalDateTime to class java.time.Instant as reading converter although it doesn't convert from a store-supported type! You might wanna check you annotation setup at the converter implementation.
2020-08-12 18:17:15.527  WARN 115148 --- [main] o.s.data.convert.CustomConversions       : Registering converter from class java.time.Instant to class java.time.LocalDateTime as reading converter although it doesn't convert from a store-supported type! You might wanna check you annotation setup at the converter implementation.
2020-08-12 18:17:15.549  WARN 115148 --- [main] o.s.data.convert.CustomConversions       : Registering converter from class java.time.LocalDateTime to class java.time.Instant as reading converter although it doesn't convert from a store-supported type! You might wanna check you annotation setup at the converter implementation.
2020-08-12 18:17:15.554  WARN 115148 --- [main] o.s.data.convert.CustomConversions       : Registering converter from class java.time.Instant to class java.time.LocalDateTime as reading converter although it doesn't convert from a store-supported type! You might wanna check you annotation setup at the converter implementation.
2020-08-12 18:17:16.294  WARN 115148 --- [main] .m.c.i.MongoPersistentEntityIndexCreator : Automatic index creation will be disabled by default as of Spring Data MongoDB 3.x.
	Please use 'MongoMappingContext#setAutoIndexCreation(boolean)' or override 'MongoConfigurationSupport#autoIndexCreation()' to be explicit.
	However, we recommend setting up indices manually in an application ready block. You may use index derivation there as well.

	> -----------------------------------------------------------------------------------------
	> @EventListener(ApplicationReadyEvent.class)
	> public void initIndicesAfterStartup() {
	>
	>     IndexOperations indexOps = mongoTemplate.indexOps(DomainType.class);
	>
	>     IndexResolver resolver = new MongoPersistentEntityIndexResolver(mongoMappingContext);
	>     resolver.resolveIndexFor(DomainType.class).forEach(indexOps::ensureIndex);
	> }
	> -----------------------------------------------------------------------------------------

2020-08-12 18:17:16.340  INFO 115148 --- [main] org.mongodb.driver.connection            : Opened connection [connectionId{localValue:2, serverValue:72}] to 127.0.0.1:27017
2020-08-12 18:17:16.986  INFO 115148 --- [main] o.s.s.web.DefaultSecurityFilterChain     : Creating filter chain: any request, [org.springframework.security.web.context.request.async.WebAsyncManagerIntegrationFilter@4b3a01d8, org.springframework.security.web.context.SecurityContextPersistenceFilter@61359e87, org.springframework.security.web.header.HeaderWriterFilter@6a09484c, org.springframework.web.filter.CorsFilter@19fbc594, org.springframework.security.web.authentication.logout.LogoutFilter@5a592c70, com.example.api.pregnancy.security.jwt.AuthTokenFilter@58eac00e, org.springframework.security.web.savedrequest.RequestCacheAwareFilter@45037e16, org.springframework.security.web.servletapi.SecurityContextHolderAwareRequestFilter@2313db84, org.springframework.security.web.authentication.AnonymousAuthenticationFilter@2f4d32bf, org.springframework.security.web.session.SessionManagementFilter@5657967b, org.springframework.security.web.access.ExceptionTranslationFilter@6380e9e9, org.springframework.security.web.access.intercept.FilterSecurityInterceptor@7761e342]
2020-08-12 18:17:17.161  INFO 115148 --- [main] o.s.s.concurrent.ThreadPoolTaskExecutor  : Initializing ExecutorService 'applicationTaskExecutor'
2020-08-12 18:17:17.320  WARN 115148 --- [main] o.s.data.convert.CustomConversions       : Registering converter from class java.time.LocalDateTime to class java.time.Instant as reading converter although it doesn't convert from a store-supported type! You might wanna check you annotation setup at the converter implementation.
2020-08-12 18:17:17.321  WARN 115148 --- [main] o.s.data.convert.CustomConversions       : Registering converter from class java.time.Instant to class java.time.LocalDateTime as reading converter although it doesn't convert from a store-supported type! You might wanna check you annotation setup at the converter implementation.
2020-08-12 18:17:17.501  INFO 115148 --- [main] o.s.b.w.embedded.tomcat.TomcatWebServer  : Tomcat started on port(s): 5902 (http) with context path ''
2020-08-12 18:17:17.505  INFO 115148 --- [main] c.e.api.pregnancy.PregnancyApplication   : Started PregnancyApplication in 8.252 seconds (JVM running for 9.617)
2020-08-12 18:17:20.476  INFO 115148 --- [http-nio-5902-exec-2] o.a.c.c.C.[Tomcat].[localhost].[/]       : Initializing Spring DispatcherServlet 'dispatcherServlet'
2020-08-12 18:17:20.491  INFO 115148 --- [http-nio-5902-exec-2] o.s.web.servlet.DispatcherServlet        : Initializing Servlet 'dispatcherServlet'
2020-08-12 18:17:20.508  INFO 115148 --- [http-nio-5902-exec-2] o.s.web.servlet.DispatcherServlet        : Completed initialization in 16 ms
2020-08-12 18:41:42.914  INFO 118100 --- [main] c.e.api.pregnancy.PregnancyApplication   : Starting PregnancyApplication on VAHID-ZAHEDI with PID 118100 (C:\Projects\SpringProjects\pregnancy\build\classes\java\main started by VAHID-ZAHEDI in C:\Projects\SpringProjects\pregnancy)
2020-08-12 18:41:42.918  INFO 118100 --- [main] c.e.api.pregnancy.PregnancyApplication   : No active profile set, falling back to default profiles: default
2020-08-12 18:41:44.227  INFO 118100 --- [main] .s.d.r.c.RepositoryConfigurationDelegate : Multiple Spring Data modules found, entering strict repository configuration mode!
2020-08-12 18:41:44.228  INFO 118100 --- [main] .s.d.r.c.RepositoryConfigurationDelegate : Bootstrapping Spring Data repositories in DEFAULT mode.
2020-08-12 18:41:44.258  INFO 118100 --- [main] .s.d.r.c.RepositoryConfigurationDelegate : Finished Spring Data repository scanning in 14ms. Found 0 repository interfaces.
2020-08-12 18:41:44.282  INFO 118100 --- [main] .s.d.r.c.RepositoryConfigurationDelegate : Multiple Spring Data modules found, entering strict repository configuration mode!
2020-08-12 18:41:44.282  INFO 118100 --- [main] .s.d.r.c.RepositoryConfigurationDelegate : Bootstrapping Spring Data repositories in DEFAULT mode.
2020-08-12 18:41:44.377  INFO 118100 --- [main] .RepositoryConfigurationExtensionSupport : Spring Data JPA - Could not safely identify store assignment for repository candidate interface com.example.api.pregnancy.repositories.HeaderRepository. If you want this repository to be a JPA repository, consider annotating your entities with one of these annotations: javax.persistence.Entity, javax.persistence.MappedSuperclass (preferred), or consider extending one of the following types with your repository: org.springframework.data.jpa.repository.JpaRepository.
2020-08-12 18:41:44.384  INFO 118100 --- [main] .RepositoryConfigurationExtensionSupport : Spring Data JPA - Could not safely identify store assignment for repository candidate interface com.example.api.pregnancy.repositories.RoleRepository. If you want this repository to be a JPA repository, consider annotating your entities with one of these annotations: javax.persistence.Entity, javax.persistence.MappedSuperclass (preferred), or consider extending one of the following types with your repository: org.springframework.data.jpa.repository.JpaRepository.
2020-08-12 18:41:44.392  INFO 118100 --- [main] .RepositoryConfigurationExtensionSupport : Spring Data JPA - Could not safely identify store assignment for repository candidate interface com.example.api.pregnancy.repositories.UserRepository. If you want this repository to be a JPA repository, consider annotating your entities with one of these annotations: javax.persistence.Entity, javax.persistence.MappedSuperclass (preferred), or consider extending one of the following types with your repository: org.springframework.data.jpa.repository.JpaRepository.
2020-08-12 18:41:44.392  INFO 118100 --- [main] .s.d.r.c.RepositoryConfigurationDelegate : Finished Spring Data repository scanning in 96ms. Found 0 repository interfaces.
2020-08-12 18:41:44.476  INFO 118100 --- [main] .s.d.r.c.RepositoryConfigurationDelegate : Multiple Spring Data modules found, entering strict repository configuration mode!
2020-08-12 18:41:44.477  INFO 118100 --- [main] .s.d.r.c.RepositoryConfigurationDelegate : Bootstrapping Spring Data repositories in DEFAULT mode.
2020-08-12 18:41:44.566  INFO 118100 --- [main] .s.d.r.c.RepositoryConfigurationDelegate : Finished Spring Data repository scanning in 89ms. Found 3 repository interfaces.
2020-08-12 18:41:45.901  INFO 118100 --- [main] trationDelegate$BeanPostProcessorChecker : Bean 'org.springframework.transaction.annotation.ProxyTransactionManagementConfiguration' of type [org.springframework.transaction.annotation.ProxyTransactionManagementConfiguration] is not eligible for getting processed by all BeanPostProcessors (for example: not eligible for auto-proxying)
2020-08-12 18:41:45.933  INFO 118100 --- [main] trationDelegate$BeanPostProcessorChecker : Bean 'org.springframework.security.config.annotation.configuration.ObjectPostProcessorConfiguration' of type [org.springframework.security.config.annotation.configuration.ObjectPostProcessorConfiguration] is not eligible for getting processed by all BeanPostProcessors (for example: not eligible for auto-proxying)
2020-08-12 18:41:45.936  INFO 118100 --- [main] trationDelegate$BeanPostProcessorChecker : Bean 'objectPostProcessor' of type [org.springframework.security.config.annotation.configuration.AutowireBeanFactoryObjectPostProcessor] is not eligible for getting processed by all BeanPostProcessors (for example: not eligible for auto-proxying)
2020-08-12 18:41:45.939  INFO 118100 --- [main] trationDelegate$BeanPostProcessorChecker : Bean 'org.springframework.security.access.expression.method.DefaultMethodSecurityExpressionHandler@48b0e701' of type [org.springframework.security.access.expression.method.DefaultMethodSecurityExpressionHandler] is not eligible for getting processed by all BeanPostProcessors (for example: not eligible for auto-proxying)
2020-08-12 18:41:45.940  INFO 118100 --- [main] trationDelegate$BeanPostProcessorChecker : Bean 'org.springframework.security.config.annotation.method.configuration.GlobalMethodSecurityConfiguration' of type [org.springframework.security.config.annotation.method.configuration.GlobalMethodSecurityConfiguration] is not eligible for getting processed by all BeanPostProcessors (for example: not eligible for auto-proxying)
2020-08-12 18:41:45.943  INFO 118100 --- [main] trationDelegate$BeanPostProcessorChecker : Bean 'methodSecurityMetadataSource' of type [org.springframework.security.access.method.DelegatingMethodSecurityMetadataSource] is not eligible for getting processed by all BeanPostProcessors (for example: not eligible for auto-proxying)
2020-08-12 18:41:46.232  INFO 118100 --- [main] o.s.b.w.embedded.tomcat.TomcatWebServer  : Tomcat initialized with port(s): 5902 (http)
2020-08-12 18:41:46.244  INFO 118100 --- [main] o.apache.catalina.core.StandardService   : Starting service [Tomcat]
2020-08-12 18:41:46.244  INFO 118100 --- [main] org.apache.catalina.core.StandardEngine  : Starting Servlet engine: [Apache Tomcat/9.0.27]
2020-08-12 18:41:46.419  INFO 118100 --- [main] o.a.c.c.C.[Tomcat].[localhost].[/]       : Initializing Spring embedded WebApplicationContext
2020-08-12 18:41:46.420  INFO 118100 --- [main] o.s.web.context.ContextLoader            : Root WebApplicationContext: initialization completed in 3390 ms
2020-08-12 18:41:46.549  WARN 118100 --- [main] JpaBaseConfiguration$JpaWebConfiguration : spring.jpa.open-in-view is enabled by default. Therefore, database queries may be performed during view rendering. Explicitly configure spring.jpa.open-in-view to disable this warning
2020-08-12 18:41:47.198  INFO 118100 --- [main] com.zaxxer.hikari.HikariDataSource       : HikariPool-1 - Starting...
2020-08-12 18:41:47.598  INFO 118100 --- [main] com.zaxxer.hikari.HikariDataSource       : HikariPool-1 - Start completed.
2020-08-12 18:41:48.223  INFO 118100 --- [main] j.LocalContainerEntityManagerFactoryBean : Initialized JPA EntityManagerFactory for persistence unit 'default'
2020-08-12 18:41:48.615  INFO 118100 --- [main] org.mongodb.driver.cluster               : Cluster created with settings {hosts=[127.0.0.1:27017], mode=SINGLE, requiredClusterType=UNKNOWN, serverSelectionTimeout='30000 ms', maxWaitQueueSize=500}
2020-08-12 18:41:48.707  INFO 118100 --- [cluster-ClusterId{value='5f33f8a4fecf9e4aaa8e52ea', description='null'}-127.0.0.1:27017] org.mongodb.driver.connection            : Opened connection [connectionId{localValue:1, serverValue:73}] to 127.0.0.1:27017
2020-08-12 18:41:48.714  INFO 118100 --- [cluster-ClusterId{value='5f33f8a4fecf9e4aaa8e52ea', description='null'}-127.0.0.1:27017] org.mongodb.driver.cluster               : Monitor thread successfully connected to server with description ServerDescription{address=127.0.0.1:27017, type=STANDALONE, state=CONNECTED, ok=true, version=ServerVersion{versionList=[4, 2, 7]}, minWireVersion=0, maxWireVersion=8, maxDocumentSize=16777216, logicalSessionTimeoutMinutes=30, roundTripTimeNanos=5050600}
2020-08-12 18:41:48.809  WARN 118100 --- [main] o.s.data.convert.CustomConversions       : Registering converter from class java.time.LocalDateTime to class java.time.Instant as reading converter although it doesn't convert from a store-supported type! You might wanna check you annotation setup at the converter implementation.
2020-08-12 18:41:48.810  WARN 118100 --- [main] o.s.data.convert.CustomConversions       : Registering converter from class java.time.Instant to class java.time.LocalDateTime as reading converter although it doesn't convert from a store-supported type! You might wanna check you annotation setup at the converter implementation.
2020-08-12 18:41:48.826  WARN 118100 --- [main] o.s.data.convert.CustomConversions       : Registering converter from class java.time.LocalDateTime to class java.time.Instant as reading converter although it doesn't convert from a store-supported type! You might wanna check you annotation setup at the converter implementation.
2020-08-12 18:41:48.826  WARN 118100 --- [main] o.s.data.convert.CustomConversions       : Registering converter from class java.time.Instant to class java.time.LocalDateTime as reading converter although it doesn't convert from a store-supported type! You might wanna check you annotation setup at the converter implementation.
2020-08-12 18:41:49.318  WARN 118100 --- [main] .m.c.i.MongoPersistentEntityIndexCreator : Automatic index creation will be disabled by default as of Spring Data MongoDB 3.x.
	Please use 'MongoMappingContext#setAutoIndexCreation(boolean)' or override 'MongoConfigurationSupport#autoIndexCreation()' to be explicit.
	However, we recommend setting up indices manually in an application ready block. You may use index derivation there as well.

	> -----------------------------------------------------------------------------------------
	> @EventListener(ApplicationReadyEvent.class)
	> public void initIndicesAfterStartup() {
	>
	>     IndexOperations indexOps = mongoTemplate.indexOps(DomainType.class);
	>
	>     IndexResolver resolver = new MongoPersistentEntityIndexResolver(mongoMappingContext);
	>     resolver.resolveIndexFor(DomainType.class).forEach(indexOps::ensureIndex);
	> }
	> -----------------------------------------------------------------------------------------

2020-08-12 18:41:49.365  INFO 118100 --- [main] org.mongodb.driver.connection            : Opened connection [connectionId{localValue:2, serverValue:74}] to 127.0.0.1:27017
2020-08-12 18:41:49.835  INFO 118100 --- [main] o.s.s.web.DefaultSecurityFilterChain     : Creating filter chain: any request, [org.springframework.security.web.context.request.async.WebAsyncManagerIntegrationFilter@935493d, org.springframework.security.web.context.SecurityContextPersistenceFilter@611d0763, org.springframework.security.web.header.HeaderWriterFilter@391d1e33, org.springframework.web.filter.CorsFilter@9b367c8, org.springframework.security.web.authentication.logout.LogoutFilter@4c18516, com.example.api.pregnancy.security.jwt.AuthTokenFilter@ea00de, org.springframework.security.web.savedrequest.RequestCacheAwareFilter@1e226bcd, org.springframework.security.web.servletapi.SecurityContextHolderAwareRequestFilter@48cd319d, org.springframework.security.web.authentication.AnonymousAuthenticationFilter@34c62fdf, org.springframework.security.web.session.SessionManagementFilter@3b088163, org.springframework.security.web.access.ExceptionTranslationFilter@5b02a984, org.springframework.security.web.access.intercept.FilterSecurityInterceptor@2aee0704]
2020-08-12 18:41:49.944  INFO 118100 --- [main] o.s.s.concurrent.ThreadPoolTaskExecutor  : Initializing ExecutorService 'applicationTaskExecutor'
2020-08-12 18:41:50.018  WARN 118100 --- [main] o.s.data.convert.CustomConversions       : Registering converter from class java.time.LocalDateTime to class java.time.Instant as reading converter although it doesn't convert from a store-supported type! You might wanna check you annotation setup at the converter implementation.
2020-08-12 18:41:50.018  WARN 118100 --- [main] o.s.data.convert.CustomConversions       : Registering converter from class java.time.Instant to class java.time.LocalDateTime as reading converter although it doesn't convert from a store-supported type! You might wanna check you annotation setup at the converter implementation.
2020-08-12 18:41:50.119  INFO 118100 --- [main] o.s.b.w.embedded.tomcat.TomcatWebServer  : Tomcat started on port(s): 5902 (http) with context path ''
2020-08-12 18:41:50.121  INFO 118100 --- [main] c.e.api.pregnancy.PregnancyApplication   : Started PregnancyApplication in 8.49 seconds (JVM running for 9.554)
2020-08-12 18:41:59.093  INFO 118100 --- [http-nio-5902-exec-1] o.a.c.c.C.[Tomcat].[localhost].[/]       : Initializing Spring DispatcherServlet 'dispatcherServlet'
2020-08-12 18:41:59.093  INFO 118100 --- [http-nio-5902-exec-1] o.s.web.servlet.DispatcherServlet        : Initializing Servlet 'dispatcherServlet'
2020-08-12 18:41:59.101  INFO 118100 --- [http-nio-5902-exec-1] o.s.web.servlet.DispatcherServlet        : Completed initialization in 8 ms
